<?xml version="1.0" encoding="UTF-8"?>
<!-- Generated by org.testng.reporters.JUnitXMLReporter -->
<testsuite ignored="0" hostname="LAPTOP-8GPLMJNH" failures="1" tests="1" name="Test" time="0.594" errors="0" timestamp="2021-02-16T15:41:48 AEDT">
  <testcase classname="Test.Test" name="TestCases" time="0.561">
    <failure type="java.lang.NullPointerException" message="Cannot invoke &amp;quot;org.openqa.selenium.WebDriver.manage()&amp;quot; because &amp;quot;Test.Test.driver&amp;quot; is null">
      <![CDATA[java.lang.NullPointerException: Cannot invoke "org.openqa.selenium.WebDriver.manage()" because "Test.Test.driver" is null
at Test.Test.TestCases(Test.java:27)
at java.base/java.util.ArrayList.forEach(ArrayList.java:1511)
... Removed 27 stack frames]]>
    </failure>
  </testcase> <!-- TestCases -->
</testsuite> <!-- Test -->
