<?xml version="1.0" encoding="UTF-8"?>
<testng-results ignored="0" total="1" passed="1" failed="0" skipped="0">
  <reporter-output>
  </reporter-output>
  <suite started-at="2021-02-16T19:52:09 AEDT" name="Default suite" finished-at="2021-02-16T19:52:25 AEDT" duration-ms="15702">
    <groups>
    </groups>
    <test started-at="2021-02-16T19:52:09 AEDT" name="Default test" finished-at="2021-02-16T19:52:25 AEDT" duration-ms="15702">
      <class name="Test.Test">
        <test-method signature="TestCases()[pri:0, instance:Test.Test@1ed1993a]" started-at="2021-02-16T19:52:09 AEDT" name="TestCases" finished-at="2021-02-16T19:52:25 AEDT" duration-ms="15667" status="PASS">
          <reporter-output>
          </reporter-output>
        </test-method> <!-- TestCases -->
        <test-method is-config="true" signature="flushReports()[pri:0, instance:Test.Test@1ed1993a]" started-at="2021-02-16T19:52:25 AEDT" name="flushReports" finished-at="2021-02-16T19:52:25 AEDT" duration-ms="108" status="PASS">
          <reporter-output>
          </reporter-output>
        </test-method> <!-- flushReports -->
      </class> <!-- Test.Test -->
    </test> <!-- Default test -->
  </suite> <!-- Default suite -->
</testng-results>
